<?xml version="1.0" encoding="UTF-8" ?>
<testsuite failures="0" time="5.493" errors="0" skipped="0" tests="12" name="cat.quickdb.date200912.TestsOperations">
  <properties>
    <property name="java.runtime.name" value="Java(TM) SE Runtime Environment"/>
    <property name="sun.boot.library.path" value="/usr/lib/jvm/java-6-sun-1.6.0.19/jre/lib/amd64"/>
    <property name="java.vm.version" value="16.2-b04"/>
    <property name="java.vm.vendor" value="Sun Microsystems Inc."/>
    <property name="java.vendor.url" value="http://java.sun.com/"/>
    <property name="path.separator" value=":"/>
    <property name="java.vm.name" value="Java HotSpot(TM) 64-Bit Server VM"/>
    <property name="file.encoding.pkg" value="sun.io"/>
    <property name="user.country" value="AR"/>
    <property name="sun.java.launcher" value="SUN_STANDARD"/>
    <property name="sun.os.patch.level" value="unknown"/>
    <property name="java.vm.specification.name" value="Java Virtual Machine Specification"/>
    <property name="user.dir" value="/media/GATO/programacion/proyectos/quickdb/java"/>
    <property name="java.runtime.version" value="1.6.0_19-b04"/>
    <property name="java.awt.graphicsenv" value="sun.awt.X11GraphicsEnvironment"/>
    <property name="basedir" value="/media/GATO/programacion/proyectos/quickdb/java"/>
    <property name="java.endorsed.dirs" value="/usr/lib/jvm/java-6-sun-1.6.0.19/jre/lib/endorsed"/>
    <property name="os.arch" value="amd64"/>
    <property name="surefire.real.class.path" value="/tmp/surefirebooter5360077734624640395.jar"/>
    <property name="java.io.tmpdir" value="/tmp"/>
    <property name="line.separator" value="
"/>
    <property name="java.vm.specification.vendor" value="Sun Microsystems Inc."/>
    <property name="os.name" value="Linux"/>
    <property name="sun.jnu.encoding" value="UTF-8"/>
    <property name="java.library.path" value="/usr/lib/jvm/java-6-sun-1.6.0.19/jre/lib/amd64/server:/usr/lib/jvm/java-6-sun-1.6.0.19/jre/lib/amd64:/usr/lib/jvm/java-6-sun-1.6.0.19/jre/../lib/amd64:/usr/java/packages/lib/amd64:/usr/lib64:/lib64:/lib:/usr/lib"/>
    <property name="surefire.test.class.path" value="/media/GATO/programacion/proyectos/quickdb/java/target/test-classes:/media/GATO/programacion/proyectos/quickdb/java/target/classes:/home/gato/.m2/repository/junit/junit/4.0/junit-4.0.jar:/home/gato/.m2/repository/mysql/mysql-connector-java/5.1.5/mysql-connector-java-5.1.5.jar:"/>
    <property name="java.specification.name" value="Java Platform API Specification"/>
    <property name="java.class.version" value="50.0"/>
    <property name="sun.management.compiler" value="HotSpot 64-Bit Server Compiler"/>
    <property name="os.version" value="2.6.31-21-generic"/>
    <property name="user.home" value="/home/gato"/>
    <property name="user.timezone" value="America/Argentina/Cordoba"/>
    <property name="java.awt.printerjob" value="sun.print.PSPrinterJob"/>
    <property name="file.encoding" value="UTF-8"/>
    <property name="java.specification.version" value="1.6"/>
    <property name="user.name" value="gato"/>
    <property name="java.class.path" value="/media/GATO/programacion/proyectos/quickdb/java/target/test-classes:/media/GATO/programacion/proyectos/quickdb/java/target/classes:/home/gato/.m2/repository/junit/junit/4.0/junit-4.0.jar:/home/gato/.m2/repository/mysql/mysql-connector-java/5.1.5/mysql-connector-java-5.1.5.jar:"/>
    <property name="java.vm.specification.version" value="1.0"/>
    <property name="sun.arch.data.model" value="64"/>
    <property name="java.home" value="/usr/lib/jvm/java-6-sun-1.6.0.19/jre"/>
    <property name="java.specification.vendor" value="Sun Microsystems Inc."/>
    <property name="user.language" value="es"/>
    <property name="java.vm.info" value="mixed mode"/>
    <property name="java.version" value="1.6.0_19"/>
    <property name="java.ext.dirs" value="/usr/lib/jvm/java-6-sun-1.6.0.19/jre/lib/ext:/usr/java/packages/lib/ext"/>
    <property name="sun.boot.class.path" value="/usr/lib/jvm/java-6-sun-1.6.0.19/jre/lib/resources.jar:/usr/lib/jvm/java-6-sun-1.6.0.19/jre/lib/rt.jar:/usr/lib/jvm/java-6-sun-1.6.0.19/jre/lib/sunrsasign.jar:/usr/lib/jvm/java-6-sun-1.6.0.19/jre/lib/jsse.jar:/usr/lib/jvm/java-6-sun-1.6.0.19/jre/lib/jce.jar:/usr/lib/jvm/java-6-sun-1.6.0.19/jre/lib/charsets.jar:/usr/lib/jvm/java-6-sun-1.6.0.19/jre/classes"/>
    <property name="java.vendor" value="Sun Microsystems Inc."/>
    <property name="localRepository" value="/home/gato/.m2/repository"/>
    <property name="file.separator" value="/"/>
    <property name="java.vendor.url.bug" value="http://java.sun.com/cgi-bin/bugreport.cgi"/>
    <property name="sun.cpu.endian" value="little"/>
    <property name="sun.io.unicode.encoding" value="UnicodeLittle"/>
    <property name="sun.desktop" value="gnome"/>
    <property name="sun.cpu.isalist" value=""/>
  </properties>
  <testcase time="0.156" classname="cat.quickdb.date200912.TestsOperations" name="testBinding"/>
  <testcase time="0.152" classname="cat.quickdb.date200912.TestsOperations" name="testDeleteParent"/>
  <testcase time="0.057" classname="cat.quickdb.date200912.TestsOperations" name="testQuerySystemWithInheritance"/>
  <testcase time="0.07" classname="cat.quickdb.date200912.TestsOperations" name="testNames"/>
  <testcase time="0.205" classname="cat.quickdb.date200912.TestsOperations" name="testModifyCollection"/>
  <testcase time="0.068" classname="cat.quickdb.date200912.TestsOperations" name="testInheritanceQuery"/>
  <testcase time="0.087" classname="cat.quickdb.date200912.TestsOperations" name="testLazyLoad"/>
  <testcase time="1.619" classname="cat.quickdb.date200912.TestsOperations" name="testCollectionModify"/>
  <testcase time="1.184" classname="cat.quickdb.date200912.TestsOperations" name="testCollectionDelete"/>
  <testcase time="0.939" classname="cat.quickdb.date200912.TestsOperations" name="completeDelete"/>
  <testcase time="0.893" classname="cat.quickdb.date200912.TestsOperations" name="testAtomicBlock"/>
  <testcase time="0.057" classname="cat.quickdb.date200912.TestsOperations" name="testReferenceNull"/>
</testsuite>